{"/home/nikita/WebstormProjects/SalesChampAddress/app.ts": {"path":"/home/nikita/WebstormProjects/SalesChampAddress/app.ts","statementMap":{"0":{"start":{"line":2,"column":18},"end":{"line":2,"column":40}},"1":{"start":{"line":3,"column":0},"end":{"line":3,"column":30}},"2":{"start":{"line":5,"column":0},"end":{"line":5,"column":23}},"3":{"start":{"line":8,"column":19},"end":{"line":8,"column":43}},"4":{"start":{"line":10,"column":13},"end":{"line":10,"column":30}},"5":{"start":{"line":11,"column":0},"end":{"line":11,"column":28}},"6":{"start":{"line":12,"column":0},"end":{"line":12,"column":16}},"7":{"start":{"line":13,"column":0},"end":{"line":13,"column":37}},"8":{"start":{"line":17,"column":10},"end":{"line":17,"column":19}},"9":{"start":{"line":21,"column":0},"end":{"line":21,"column":30}},"10":{"start":{"line":26,"column":0},"end":{"line":26,"column":23}},"11":{"start":{"line":27,"column":0},"end":{"line":27,"column":24}},"12":{"start":{"line":28,"column":0},"end":{"line":28,"column":47}},"13":{"start":{"line":29,"column":0},"end":{"line":29,"column":24}},"14":{"start":{"line":30,"column":0},"end":{"line":30,"column":56}},"15":{"start":{"line":31,"column":0},"end":{"line":31,"column":null}},"16":{"start":{"line":35,"column":0},"end":{"line":35,"column":null}},"17":{"start":{"line":38,"column":0},"end":{"line":40,"column":3}},"18":{"start":{"line":39,"column":4},"end":{"line":39,"column":27}},"19":{"start":{"line":43,"column":0},"end":{"line":51,"column":3}},"20":{"start":{"line":45,"column":4},"end":{"line":45,"column":37}},"21":{"start":{"line":46,"column":4},"end":{"line":46,"column":71}},"22":{"start":{"line":49,"column":4},"end":{"line":49,"column":34}},"23":{"start":{"line":50,"column":4},"end":{"line":50,"column":24}},"24":{"start":{"line":53,"column":0},"end":{"line":53,"column":21}}},"fnMap":{"0":{"name":"(anonymous_1)","decl":{"start":{"line":38,"column":8},"end":{"line":38,"column":18}},"loc":{"start":{"line":38,"column":32},"end":{"line":40,"column":1}}},"1":{"name":"(anonymous_2)","decl":{"start":{"line":43,"column":8},"end":{"line":43,"column":18}},"loc":{"start":{"line":43,"column":37},"end":{"line":51,"column":1}}}},"branchMap":{"0":{"loc":{"start":{"line":46,"column":23},"end":{"line":46,"column":70}},"type":"cond-expr","locations":[{"start":{"line":46,"column":62},"end":{"line":46,"column":65}},{"start":{"line":46,"column":68},"end":{"line":46,"column":70}}]},"1":{"loc":{"start":{"line":49,"column":15},"end":{"line":49,"column":32}},"type":"binary-expr","locations":[{"start":{"line":49,"column":15},"end":{"line":49,"column":25}},{"start":{"line":49,"column":29},"end":{"line":49,"column":32}}]}},"s":{"0":2,"1":2,"2":2,"3":2,"4":2,"5":2,"6":2,"7":2,"8":2,"9":2,"10":2,"11":2,"12":2,"13":2,"14":1,"15":2,"16":1,"17":1,"18":0,"19":1,"20":1,"21":0,"22":0,"23":0,"24":1},"f":{"0":0,"1":0},"b":{"0":[0,0],"1":[0,0]},"_coverageSchema":"1a1c01bbd47fc00a2c39e90264f33305004495a9","hash":"a6fcc872f9c401aba6914c9399dcca4a1870a293"}
,"/home/nikita/WebstormProjects/SalesChampAddress/config/database.ts": {"path":"/home/nikita/WebstormProjects/SalesChampAddress/config/database.ts","statementMap":{"0":{"start":{"line":1,"column":0},"end":{"line":1,"column":null}},"1":{"start":{"line":2,"column":0},"end":{"line":5,"column":2}}},"fnMap":{},"branchMap":{},"s":{"0":2,"1":2},"f":{},"b":{},"_coverageSchema":"1a1c01bbd47fc00a2c39e90264f33305004495a9","hash":"274d7e9c2ce073479c3a9aaaf92e4956551101c9"}
,"/home/nikita/WebstormProjects/SalesChampAddress/controllers/AddressController.ts": {"path":"/home/nikita/WebstormProjects/SalesChampAddress/controllers/AddressController.ts","statementMap":{"0":{"start":{"line":1,"column":0},"end":{"line":1,"column":38}},"1":{"start":{"line":2,"column":0},"end":{"line":2,"column":40}},"2":{"start":{"line":7,"column":26},"end":{"line":7,"column":61}},"3":{"start":{"line":8,"column":8},"end":{"line":10,"column":null}},"4":{"start":{"line":15,"column":23},"end":{"line":15,"column":42}},"5":{"start":{"line":16,"column":8},"end":{"line":18,"column":null}},"6":{"start":{"line":17,"column":12},"end":{"line":17,"column":67}},"7":{"start":{"line":19,"column":22},"end":{"line":19,"column":35}},"8":{"start":{"line":20,"column":8},"end":{"line":20,"column":null}},"9":{"start":{"line":21,"column":8},"end":{"line":21,"column":39}},"10":{"start":{"line":22,"column":8},"end":{"line":24,"column":null}},"11":{"start":{"line":28,"column":24},"end":{"line":28,"column":61}},"12":{"start":{"line":29,"column":8},"end":{"line":33,"column":null}},"13":{"start":{"line":30,"column":12},"end":{"line":32,"column":null}},"14":{"start":{"line":34,"column":8},"end":{"line":36,"column":null}},"15":{"start":{"line":40,"column":23},"end":{"line":40,"column":42}},"16":{"start":{"line":41,"column":8},"end":{"line":43,"column":null}},"17":{"start":{"line":42,"column":12},"end":{"line":42,"column":67}},"18":{"start":{"line":44,"column":22},"end":{"line":44,"column":59}},"19":{"start":{"line":45,"column":8},"end":{"line":49,"column":null}},"20":{"start":{"line":46,"column":12},"end":{"line":48,"column":15}},"21":{"start":{"line":51,"column":8},"end":{"line":51,"column":67}},"22":{"start":{"line":52,"column":8},"end":{"line":52,"column":39}},"23":{"start":{"line":54,"column":8},"end":{"line":56,"column":null}},"24":{"start":{"line":61,"column":22},"end":{"line":61,"column":59}},"25":{"start":{"line":62,"column":8},"end":{"line":64,"column":null}},"26":{"start":{"line":63,"column":12},"end":{"line":63,"column":68}},"27":{"start":{"line":66,"column":8},"end":{"line":66,"column":null}},"28":{"start":{"line":67,"column":8},"end":{"line":67,"column":24}},"29":{"start":{"line":4,"column":0},"end":{"line":4,"column":21}}},"fnMap":{"0":{"name":"(anonymous_8)","decl":{"start":{"line":6,"column":4},"end":{"line":6,"column":10}},"loc":{"start":{"line":6,"column":30},"end":{"line":12,"column":null}}},"1":{"name":"(anonymous_10)","decl":{"start":{"line":14,"column":4},"end":{"line":14,"column":10}},"loc":{"start":{"line":14,"column":32},"end":{"line":25,"column":null}}},"2":{"name":"(anonymous_13)","decl":{"start":{"line":27,"column":4},"end":{"line":27,"column":10}},"loc":{"start":{"line":27,"column":30},"end":{"line":37,"column":null}}},"3":{"name":"(anonymous_15)","decl":{"start":{"line":39,"column":4},"end":{"line":39,"column":10}},"loc":{"start":{"line":39,"column":32},"end":{"line":58,"column":null}}},"4":{"name":"(anonymous_18)","decl":{"start":{"line":60,"column":4},"end":{"line":60,"column":10}},"loc":{"start":{"line":60,"column":33},"end":{"line":68,"column":null}}}},"branchMap":{"0":{"loc":{"start":{"line":16,"column":8},"end":{"line":18,"column":null}},"type":"if","locations":[{"start":{"line":16,"column":8},"end":{"line":18,"column":null}}]},"1":{"loc":{"start":{"line":29,"column":8},"end":{"line":33,"column":null}},"type":"if","locations":[{"start":{"line":29,"column":8},"end":{"line":33,"column":null}}]},"2":{"loc":{"start":{"line":41,"column":8},"end":{"line":43,"column":null}},"type":"if","locations":[{"start":{"line":41,"column":8},"end":{"line":43,"column":null}}]},"3":{"loc":{"start":{"line":45,"column":8},"end":{"line":49,"column":null}},"type":"if","locations":[{"start":{"line":45,"column":8},"end":{"line":49,"column":null}}]},"4":{"loc":{"start":{"line":62,"column":8},"end":{"line":64,"column":null}},"type":"if","locations":[{"start":{"line":62,"column":8},"end":{"line":64,"column":null}}]}},"s":{"0":1,"1":1,"2":0,"3":0,"4":0,"5":0,"6":0,"7":0,"8":0,"9":0,"10":0,"11":0,"12":0,"13":0,"14":0,"15":0,"16":0,"17":0,"18":0,"19":0,"20":0,"21":0,"22":0,"23":0,"24":0,"25":0,"26":0,"27":0,"28":0,"29":1},"f":{"0":0,"1":0,"2":0,"3":0,"4":0},"b":{"0":[0,0],"1":[0,0],"2":[0,0],"3":[0,0],"4":[0,0]},"_coverageSchema":"1a1c01bbd47fc00a2c39e90264f33305004495a9","hash":"265bc4154fa598e05e1a1c4125a8dacf7bf90423"}
,"/home/nikita/WebstormProjects/SalesChampAddress/controllers/Controller.ts": {"path":"/home/nikita/WebstormProjects/SalesChampAddress/controllers/Controller.ts","statementMap":{"0":{"start":{"line":1,"column":27},"end":{"line":1,"column":55}},"1":{"start":{"line":3,"column":27},"end":{"line":7,"column":2}},"2":{"start":{"line":5,"column":8},"end":{"line":5,"column":25}},"3":{"start":{"line":11,"column":8},"end":{"line":11,"column":null}},"4":{"start":{"line":9,"column":0},"end":{"line":9,"column":21}}},"fnMap":{"0":{"name":"(anonymous_0)","decl":{"start":{"line":4,"column":15},"end":{"line":4,"column":20}},"loc":{"start":{"line":4,"column":23},"end":{"line":6,"column":5}}},"1":{"name":"(anonymous_1)","decl":{"start":{"line":10,"column":4},"end":{"line":10,"column":10}},"loc":{"start":{"line":10,"column":27},"end":{"line":12,"column":5}}}},"branchMap":{},"s":{"0":2,"1":2,"2":0,"3":0,"4":1},"f":{"0":0,"1":0},"b":{},"_coverageSchema":"1a1c01bbd47fc00a2c39e90264f33305004495a9","hash":"77189cecb39d7eae4eb2e8fc7b64e7053f790824"}
,"/home/nikita/WebstormProjects/SalesChampAddress/database/index.ts": {"path":"/home/nikita/WebstormProjects/SalesChampAddress/database/index.ts","statementMap":{"0":{"start":{"line":1,"column":13},"end":{"line":1,"column":42}},"1":{"start":{"line":2,"column":16},"end":{"line":2,"column":46}},"2":{"start":{"line":6,"column":8},"end":{"line":9,"column":11}},"3":{"start":{"line":7,"column":12},"end":{"line":7,"column":null}},"4":{"start":{"line":7,"column":21},"end":{"line":7,"column":null}},"5":{"start":{"line":8,"column":12},"end":{"line":8,"column":46}},"6":{"start":{"line":13,"column":8},"end":{"line":15,"column":11}},"7":{"start":{"line":14,"column":12},"end":{"line":14,"column":null}},"8":{"start":{"line":4,"column":0},"end":{"line":4,"column":21}}},"fnMap":{"0":{"name":"(anonymous_7)","decl":{"start":{"line":5,"column":4},"end":{"line":5,"column":10}},"loc":{"start":{"line":5,"column":24},"end":{"line":10,"column":null}}},"1":{"name":"(anonymous_9)","decl":{"start":{"line":6,"column":52},"end":{"line":6,"column":53}},"loc":{"start":{"line":6,"column":70},"end":{"line":9,"column":9}}},"2":{"name":"(anonymous_10)","decl":{"start":{"line":12,"column":4},"end":{"line":12,"column":10}},"loc":{"start":{"line":12,"column":41},"end":{"line":16,"column":null}}},"3":{"name":"(anonymous_12)","decl":{"start":{"line":13,"column":41},"end":{"line":13,"column":51}},"loc":{"start":{"line":13,"column":54},"end":{"line":15,"column":9}}}},"branchMap":{"0":{"loc":{"start":{"line":7,"column":12},"end":{"line":7,"column":null}},"type":"if","locations":[{"start":{"line":7,"column":12},"end":{"line":7,"column":null}}]}},"s":{"0":2,"1":2,"2":0,"3":0,"4":0,"5":0,"6":0,"7":0,"8":1},"f":{"0":0,"1":0,"2":0,"3":0},"b":{"0":[0,0]},"_coverageSchema":"1a1c01bbd47fc00a2c39e90264f33305004495a9","hash":"01c81c375d202b30b6f2f34016c9e7e321007692"}
,"/home/nikita/WebstormProjects/SalesChampAddress/middlewares/BaseMiddleware.ts": {"path":"/home/nikita/WebstormProjects/SalesChampAddress/middlewares/BaseMiddleware.ts","statementMap":{"0":{"start":{"line":3,"column":24},"end":{"line":3,"column":51}},"1":{"start":{"line":4,"column":8},"end":{"line":6,"column":null}},"2":{"start":{"line":5,"column":12},"end":{"line":5,"column":35}},"3":{"start":{"line":7,"column":8},"end":{"line":7,"column":15}},"4":{"start":{"line":1,"column":0},"end":{"line":1,"column":21}}},"fnMap":{"0":{"name":"(anonymous_0)","decl":{"start":{"line":2,"column":4},"end":{"line":2,"column":10}},"loc":{"start":{"line":2,"column":42},"end":{"line":8,"column":5}}}},"branchMap":{"0":{"loc":{"start":{"line":4,"column":8},"end":{"line":6,"column":null}},"type":"if","locations":[{"start":{"line":4,"column":8},"end":{"line":6,"column":null}}]},"1":{"loc":{"start":{"line":4,"column":12},"end":{"line":4,"column":65}},"type":"binary-expr","locations":[{"start":{"line":4,"column":12},"end":{"line":4,"column":20}},{"start":{"line":4,"column":24},"end":{"line":4,"column":65}}]}},"s":{"0":2,"1":2,"2":2,"3":0,"4":1},"f":{"0":2},"b":{"0":[2,0],"1":[2,0]},"_coverageSchema":"1a1c01bbd47fc00a2c39e90264f33305004495a9","hash":"e386342f30c5795c966e490264b5142729919c5f"}
,"/home/nikita/WebstormProjects/SalesChampAddress/models/Address.ts": {"path":"/home/nikita/WebstormProjects/SalesChampAddress/models/Address.ts","statementMap":{"0":{"start":{"line":1,"column":0},"end":{"line":1,"column":31}},"1":{"start":{"line":24,"column":8},"end":{"line":24,"column":16}},"2":{"start":{"line":5,"column":13},"end":{"line":5,"column":142}},"3":{"start":{"line":29,"column":8},"end":{"line":34,"column":19}},"4":{"start":{"line":30,"column":27},"end":{"line":30,"column":55}},"5":{"start":{"line":32,"column":16},"end":{"line":32,"column":37}},"6":{"start":{"line":33,"column":16},"end":{"line":33,"column":27}},"7":{"start":{"line":3,"column":0},"end":{"line":3,"column":21}},"8":{"start":{"line":7,"column":11},"end":{"line":7,"column":87}},"9":{"start":{"line":9,"column":11},"end":{"line":9,"column":null}}},"fnMap":{"0":{"name":"(anonymous_1)","decl":{"start":{"line":23,"column":4},"end":{"line":23,"column":null}},"loc":{"start":{"line":23,"column":4},"end":{"line":25,"column":5}}},"1":{"name":"(anonymous_2)","decl":{"start":{"line":28,"column":4},"end":{"line":28,"column":10}},"loc":{"start":{"line":28,"column":32},"end":{"line":35,"column":5}}},"2":{"name":"(anonymous_3)","decl":{"start":{"line":30,"column":20},"end":{"line":30,"column":23}},"loc":{"start":{"line":30,"column":27},"end":{"line":30,"column":55}}},"3":{"name":"(anonymous_4)","decl":{"start":{"line":31,"column":20},"end":{"line":31,"column":21}},"loc":{"start":{"line":31,"column":33},"end":{"line":34,"column":13}}}},"branchMap":{},"s":{"0":1,"1":1,"2":1,"3":0,"4":0,"5":0,"6":0,"7":1,"8":1,"9":1},"f":{"0":0,"1":0,"2":0,"3":0},"b":{},"_coverageSchema":"1a1c01bbd47fc00a2c39e90264f33305004495a9","hash":"bfbf62410e31a4ba4c3b1bcbd98dc427b28ac9eb"}
,"/home/nikita/WebstormProjects/SalesChampAddress/models/BaseModel.ts": {"path":"/home/nikita/WebstormProjects/SalesChampAddress/models/BaseModel.ts","statementMap":{"0":{"start":{"line":1,"column":0},"end":{"line":1,"column":35}},"1":{"start":{"line":3,"column":16},"end":{"line":3,"column":34}},"2":{"start":{"line":4,"column":15},"end":{"line":4,"column":32}},"3":{"start":{"line":10,"column":14},"end":{"line":10,"column":44}},"4":{"start":{"line":11,"column":14},"end":{"line":11,"column":63}},"5":{"start":{"line":13,"column":13},"end":{"line":13,"column":44}},"6":{"start":{"line":20,"column":21},"end":{"line":20,"column":24}},"7":{"start":{"line":21,"column":24},"end":{"line":21,"column":41}},"8":{"start":{"line":22,"column":8},"end":{"line":24,"column":null}},"9":{"start":{"line":23,"column":12},"end":{"line":23,"column":26}},"10":{"start":{"line":25,"column":8},"end":{"line":25,"column":null}},"11":{"start":{"line":29,"column":8},"end":{"line":29,"column":68}},"12":{"start":{"line":33,"column":8},"end":{"line":33,"column":null}},"13":{"start":{"line":37,"column":8},"end":{"line":37,"column":34}},"14":{"start":{"line":41,"column":8},"end":{"line":41,"column":37}},"15":{"start":{"line":46,"column":8},"end":{"line":46,"column":64}},"16":{"start":{"line":50,"column":27},"end":{"line":50,"column":81}},"17":{"start":{"line":51,"column":19},"end":{"line":51,"column":74}},"18":{"start":{"line":52,"column":8},"end":{"line":58,"column":null}},"19":{"start":{"line":53,"column":24},"end":{"line":53,"column":44}},"20":{"start":{"line":54,"column":12},"end":{"line":56,"column":null}},"21":{"start":{"line":55,"column":16},"end":{"line":55,"column":null}},"22":{"start":{"line":57,"column":12},"end":{"line":57,"column":25}},"23":{"start":{"line":63,"column":27},"end":{"line":63,"column":54}},"24":{"start":{"line":64,"column":8},"end":{"line":80,"column":null}},"25":{"start":{"line":65,"column":12},"end":{"line":67,"column":null}},"26":{"start":{"line":66,"column":16},"end":{"line":66,"column":80}},"27":{"start":{"line":68,"column":12},"end":{"line":72,"column":15}},"28":{"start":{"line":74,"column":12},"end":{"line":77,"column":null}},"29":{"start":{"line":75,"column":16},"end":{"line":75,"column":80}},"30":{"start":{"line":76,"column":16},"end":{"line":76,"column":80}},"31":{"start":{"line":78,"column":27},"end":{"line":78,"column":68}},"32":{"start":{"line":79,"column":12},"end":{"line":79,"column":44}},"33":{"start":{"line":81,"column":8},"end":{"line":81,"column":20}},"34":{"start":{"line":86,"column":8},"end":{"line":90,"column":null}},"35":{"start":{"line":87,"column":12},"end":{"line":87,"column":44}},"36":{"start":{"line":89,"column":12},"end":{"line":89,"column":24}},"37":{"start":{"line":91,"column":27},"end":{"line":91,"column":81}},"38":{"start":{"line":92,"column":18},"end":{"line":94,"column":10}},"39":{"start":{"line":95,"column":8},"end":{"line":97,"column":null}},"40":{"start":{"line":96,"column":12},"end":{"line":96,"column":24}},"41":{"start":{"line":98,"column":8},"end":{"line":98,"column":null}},"42":{"start":{"line":102,"column":27},"end":{"line":102,"column":81}},"43":{"start":{"line":103,"column":18},"end":{"line":103,"column":53}},"44":{"start":{"line":104,"column":8},"end":{"line":107,"column":null}},"45":{"start":{"line":105,"column":12},"end":{"line":105,"column":34}},"46":{"start":{"line":106,"column":12},"end":{"line":106,"column":24}},"47":{"start":{"line":108,"column":8},"end":{"line":108,"column":null}},"48":{"start":{"line":112,"column":27},"end":{"line":112,"column":81}},"49":{"start":{"line":113,"column":20},"end":{"line":115,"column":10}},"50":{"start":{"line":116,"column":8},"end":{"line":116,"column":36}},"51":{"start":{"line":120,"column":8},"end":{"line":120,"column":42}},"52":{"start":{"line":124,"column":19},"end":{"line":124,"column":21}},"53":{"start":{"line":125,"column":20},"end":{"line":125,"column":35}},"54":{"start":{"line":126,"column":8},"end":{"line":128,"column":null}},"55":{"start":{"line":127,"column":12},"end":{"line":127,"column":null}},"56":{"start":{"line":130,"column":8},"end":{"line":132,"column":null}},"57":{"start":{"line":131,"column":12},"end":{"line":131,"column":70}},"58":{"start":{"line":133,"column":8},"end":{"line":133,"column":20}},"59":{"start":{"line":8,"column":0},"end":{"line":8,"column":21}}},"fnMap":{"0":{"name":"(anonymous_8)","decl":{"start":{"line":15,"column":4},"end":{"line":15,"column":null}},"loc":{"start":{"line":15,"column":4},"end":{"line":17,"column":5}}},"1":{"name":"(anonymous_9)","decl":{"start":{"line":19,"column":4},"end":{"line":19,"column":10}},"loc":{"start":{"line":19,"column":42},"end":{"line":26,"column":5}}},"2":{"name":"(anonymous_10)","decl":{"start":{"line":28,"column":4},"end":{"line":28,"column":21}},"loc":{"start":{"line":28,"column":21},"end":{"line":30,"column":5}}},"3":{"name":"(anonymous_11)","decl":{"start":{"line":32,"column":4},"end":{"line":32,"column":10}},"loc":{"start":{"line":32,"column":28},"end":{"line":34,"column":5}}},"4":{"name":"(anonymous_12)","decl":{"start":{"line":36,"column":4},"end":{"line":36,"column":21}},"loc":{"start":{"line":36,"column":21},"end":{"line":38,"column":5}}},"5":{"name":"(anonymous_13)","decl":{"start":{"line":40,"column":4},"end":{"line":40,"column":23}},"loc":{"start":{"line":40,"column":23},"end":{"line":42,"column":5}}},"6":{"name":"(anonymous_14)","decl":{"start":{"line":45,"column":14},"end":{"line":45,"column":28}},"loc":{"start":{"line":45,"column":28},"end":{"line":47,"column":5}}},"7":{"name":"(anonymous_15)","decl":{"start":{"line":49,"column":4},"end":{"line":49,"column":10}},"loc":{"start":{"line":49,"column":84},"end":{"line":60,"column":null}}},"8":{"name":"(anonymous_17)","decl":{"start":{"line":52,"column":24},"end":{"line":52,"column":27}},"loc":{"start":{"line":52,"column":30},"end":{"line":58,"column":9}}},"9":{"name":"(anonymous_18)","decl":{"start":{"line":62,"column":10},"end":{"line":62,"column":14}},"loc":{"start":{"line":62,"column":14},"end":{"line":82,"column":null}}},"10":{"name":"(anonymous_20)","decl":{"start":{"line":84,"column":4},"end":{"line":84,"column":10}},"loc":{"start":{"line":84,"column":36},"end":{"line":99,"column":null}}},"11":{"name":"(anonymous_22)","decl":{"start":{"line":101,"column":4},"end":{"line":101,"column":10}},"loc":{"start":{"line":101,"column":39},"end":{"line":109,"column":null}}},"12":{"name":"(anonymous_24)","decl":{"start":{"line":111,"column":10},"end":{"line":111,"column":17}},"loc":{"start":{"line":111,"column":17},"end":{"line":117,"column":null}}},"13":{"name":"(anonymous_26)","decl":{"start":{"line":119,"column":4},"end":{"line":119,"column":8}},"loc":{"start":{"line":119,"column":14},"end":{"line":121,"column":5}}},"14":{"name":"(anonymous_27)","decl":{"start":{"line":123,"column":4},"end":{"line":123,"column":10}},"loc":{"start":{"line":123,"column":10},"end":{"line":134,"column":5}}}},"branchMap":{"0":{"loc":{"start":{"line":22,"column":8},"end":{"line":24,"column":null}},"type":"if","locations":[{"start":{"line":22,"column":8},"end":{"line":24,"column":null}}]},"1":{"loc":{"start":{"line":49,"column":25},"end":{"line":49,"column":39}},"type":"default-arg","locations":[{"start":{"line":49,"column":37},"end":{"line":49,"column":39}}]},"2":{"loc":{"start":{"line":49,"column":41},"end":{"line":49,"column":59}},"type":"default-arg","locations":[{"start":{"line":49,"column":57},"end":{"line":49,"column":59}}]},"3":{"loc":{"start":{"line":49,"column":61},"end":{"line":49,"column":84}},"type":"default-arg","locations":[{"start":{"line":49,"column":79},"end":{"line":49,"column":84}}]},"4":{"loc":{"start":{"line":54,"column":12},"end":{"line":56,"column":null}},"type":"if","locations":[{"start":{"line":54,"column":12},"end":{"line":56,"column":null}}]},"5":{"loc":{"start":{"line":64,"column":8},"end":{"line":80,"column":null}},"type":"if","locations":[{"start":{"line":64,"column":8},"end":{"line":80,"column":null}},{"start":{"line":73,"column":15},"end":{"line":80,"column":null}}]},"6":{"loc":{"start":{"line":65,"column":12},"end":{"line":67,"column":null}},"type":"if","locations":[{"start":{"line":65,"column":12},"end":{"line":67,"column":null}}]},"7":{"loc":{"start":{"line":74,"column":12},"end":{"line":77,"column":null}},"type":"if","locations":[{"start":{"line":74,"column":12},"end":{"line":77,"column":null}}]},"8":{"loc":{"start":{"line":95,"column":8},"end":{"line":97,"column":null}},"type":"if","locations":[{"start":{"line":95,"column":8},"end":{"line":97,"column":null}}]},"9":{"loc":{"start":{"line":101,"column":25},"end":{"line":101,"column":39}},"type":"default-arg","locations":[{"start":{"line":101,"column":37},"end":{"line":101,"column":39}}]},"10":{"loc":{"start":{"line":104,"column":8},"end":{"line":107,"column":null}},"type":"if","locations":[{"start":{"line":104,"column":8},"end":{"line":107,"column":null}}]},"11":{"loc":{"start":{"line":126,"column":8},"end":{"line":128,"column":null}},"type":"if","locations":[{"start":{"line":126,"column":8},"end":{"line":128,"column":null}}]},"12":{"loc":{"start":{"line":131,"column":22},"end":{"line":131,"column":69}},"type":"cond-expr","locations":[{"start":{"line":131,"column":55},"end":{"line":131,"column":62}},{"start":{"line":131,"column":65},"end":{"line":131,"column":69}}]}},"s":{"0":2,"1":2,"2":1,"3":0,"4":0,"5":0,"6":0,"7":0,"8":0,"9":0,"10":0,"11":0,"12":0,"13":0,"14":0,"15":0,"16":0,"17":0,"18":0,"19":0,"20":0,"21":0,"22":0,"23":0,"24":0,"25":0,"26":0,"27":0,"28":0,"29":0,"30":0,"31":0,"32":0,"33":0,"34":0,"35":0,"36":0,"37":0,"38":0,"39":0,"40":0,"41":0,"42":0,"43":0,"44":0,"45":0,"46":0,"47":0,"48":0,"49":0,"50":0,"51":0,"52":0,"53":0,"54":0,"55":0,"56":0,"57":0,"58":0,"59":1},"f":{"0":0,"1":0,"2":0,"3":0,"4":0,"5":0,"6":0,"7":0,"8":0,"9":0,"10":0,"11":0,"12":0,"13":0,"14":0},"b":{"0":[0,0],"1":[0],"2":[0],"3":[0],"4":[0,0],"5":[0,0],"6":[0,0],"7":[0,0],"8":[0,0],"9":[0],"10":[0,0],"11":[0,0],"12":[0,0]},"_coverageSchema":"1a1c01bbd47fc00a2c39e90264f33305004495a9","hash":"6e01067222ca59f2d22cd0e1ddc74c5c9f9fef60"}
,"/home/nikita/WebstormProjects/SalesChampAddress/routes/addresses.ts": {"path":"/home/nikita/WebstormProjects/SalesChampAddress/routes/addresses.ts","statementMap":{"0":{"start":{"line":1,"column":14},"end":{"line":1,"column":32}},"1":{"start":{"line":2,"column":13},"end":{"line":2,"column":29}},"2":{"start":{"line":3,"column":0},"end":{"line":3,"column":58}},"3":{"start":{"line":4,"column":0},"end":{"line":4,"column":57}},"4":{"start":{"line":7,"column":16},"end":{"line":7,"column":57}},"5":{"start":{"line":10,"column":0},"end":{"line":10,"column":66}},"6":{"start":{"line":11,"column":0},"end":{"line":11,"column":86}},"7":{"start":{"line":12,"column":0},"end":{"line":12,"column":69}},"8":{"start":{"line":13,"column":0},"end":{"line":13,"column":90}},"9":{"start":{"line":14,"column":0},"end":{"line":14,"column":75}},"10":{"start":{"line":16,"column":0},"end":{"line":16,"column":24}}},"fnMap":{},"branchMap":{},"s":{"0":2,"1":2,"2":2,"3":2,"4":2,"5":2,"6":2,"7":2,"8":2,"9":1,"10":1},"f":{},"b":{},"_coverageSchema":"1a1c01bbd47fc00a2c39e90264f33305004495a9","hash":"7e94425373106a6d903dfb00c01278f5bec6b4ac"}
,"/home/nikita/WebstormProjects/SalesChampAddress/validators/AddressValidator.ts": {"path":"/home/nikita/WebstormProjects/SalesChampAddress/validators/AddressValidator.ts","statementMap":{"0":{"start":{"line":1,"column":15},"end":{"line":1,"column":43}},"1":{"start":{"line":2,"column":0},"end":{"line":2,"column":39}},"2":{"start":{"line":4,"column":0},"end":{"line":10,"column":2}},"3":{"start":{"line":8,"column":49},"end":{"line":8,"column":58}},"4":{"start":{"line":12,"column":0},"end":{"line":18,"column":2}},"5":{"start":{"line":14,"column":8},"end":{"line":14,"column":null}}},"fnMap":{"0":{"name":"(anonymous_1)","decl":{"start":{"line":8,"column":40},"end":{"line":8,"column":45}},"loc":{"start":{"line":8,"column":49},"end":{"line":8,"column":58}}},"1":{"name":"(anonymous_2)","decl":{"start":{"line":13,"column":50},"end":{"line":13,"column":55}},"loc":{"start":{"line":13,"column":58},"end":{"line":15,"column":5}}}},"branchMap":{},"s":{"0":2,"1":2,"2":1,"3":1,"4":1,"5":0},"f":{"0":0,"1":0},"b":{},"_coverageSchema":"1a1c01bbd47fc00a2c39e90264f33305004495a9","hash":"85d782ae98798f4d789342a09a04e26fed151f26"}
}
