{"/home/nikita/WebstormProjects/SalesChampAddress/app.ts": {"path":"/home/nikita/WebstormProjects/SalesChampAddress/app.ts","statementMap":{"0":{"start":{"line":1,"column":18},"end":{"line":1,"column":40}},"1":{"start":{"line":2,"column":14},"end":{"line":2,"column":32}},"2":{"start":{"line":3,"column":11},"end":{"line":3,"column":26}},"3":{"start":{"line":4,"column":19},"end":{"line":4,"column":43}},"4":{"start":{"line":5,"column":13},"end":{"line":5,"column":30}},"5":{"start":{"line":6,"column":0},"end":{"line":6,"column":26}},"6":{"start":{"line":8,"column":10},"end":{"line":8,"column":19}},"7":{"start":{"line":12,"column":0},"end":{"line":12,"column":30}},"8":{"start":{"line":15,"column":19},"end":{"line":15,"column":41}},"9":{"start":{"line":17,"column":0},"end":{"line":17,"column":23}},"10":{"start":{"line":18,"column":0},"end":{"line":18,"column":24}},"11":{"start":{"line":19,"column":0},"end":{"line":19,"column":47}},"12":{"start":{"line":20,"column":0},"end":{"line":20,"column":24}},"13":{"start":{"line":21,"column":0},"end":{"line":21,"column":56}},"14":{"start":{"line":22,"column":0},"end":{"line":22,"column":26}},"15":{"start":{"line":24,"column":0},"end":{"line":24,"column":40}},"16":{"start":{"line":25,"column":0},"end":{"line":25,"column":45}},"17":{"start":{"line":26,"column":0},"end":{"line":26,"column":52}},"18":{"start":{"line":29,"column":0},"end":{"line":31,"column":3}},"19":{"start":{"line":30,"column":4},"end":{"line":30,"column":27}},"20":{"start":{"line":34,"column":0},"end":{"line":42,"column":3}},"21":{"start":{"line":36,"column":4},"end":{"line":36,"column":37}},"22":{"start":{"line":37,"column":4},"end":{"line":37,"column":71}},"23":{"start":{"line":40,"column":4},"end":{"line":40,"column":34}},"24":{"start":{"line":41,"column":4},"end":{"line":41,"column":24}},"25":{"start":{"line":43,"column":0},"end":{"line":43,"column":37}},"26":{"start":{"line":44,"column":0},"end":{"line":44,"column":48}},"27":{"start":{"line":45,"column":0},"end":{"line":45,"column":21}}},"fnMap":{"0":{"name":"(anonymous_0)","decl":{"start":{"line":29,"column":8},"end":{"line":29,"column":9}},"loc":{"start":{"line":29,"column":34},"end":{"line":31,"column":1}},"line":29},"1":{"name":"(anonymous_1)","decl":{"start":{"line":34,"column":8},"end":{"line":34,"column":9}},"loc":{"start":{"line":34,"column":39},"end":{"line":42,"column":1}},"line":34}},"branchMap":{"0":{"loc":{"start":{"line":37,"column":23},"end":{"line":37,"column":70}},"type":"cond-expr","locations":[{"start":{"line":37,"column":62},"end":{"line":37,"column":65}},{"start":{"line":37,"column":68},"end":{"line":37,"column":70}}],"line":37},"1":{"loc":{"start":{"line":40,"column":15},"end":{"line":40,"column":32}},"type":"binary-expr","locations":[{"start":{"line":40,"column":15},"end":{"line":40,"column":25}},{"start":{"line":40,"column":29},"end":{"line":40,"column":32}}],"line":40},"2":{"loc":{"start":{"line":43,"column":11},"end":{"line":43,"column":35}},"type":"binary-expr","locations":[{"start":{"line":43,"column":11},"end":{"line":43,"column":27}},{"start":{"line":43,"column":31},"end":{"line":43,"column":35}}],"line":43},"3":{"loc":{"start":{"line":44,"column":23},"end":{"line":44,"column":47}},"type":"binary-expr","locations":[{"start":{"line":44,"column":23},"end":{"line":44,"column":39}},{"start":{"line":44,"column":43},"end":{"line":44,"column":47}}],"line":44}},"s":{"0":1,"1":1,"2":1,"3":1,"4":1,"5":1,"6":1,"7":1,"8":1,"9":1,"10":1,"11":1,"12":1,"13":1,"14":1,"15":1,"16":1,"17":1,"18":1,"19":0,"20":1,"21":0,"22":0,"23":0,"24":0,"25":1,"26":1,"27":1},"f":{"0":0,"1":0},"b":{"0":[0,0],"1":[0,0],"2":[1,0],"3":[1,0]},"_coverageSchema":"1a1c01bbd47fc00a2c39e90264f33305004495a9","hash":"cf3f6efb11a6ffb084c8b0f9abd9308a436f1803"}
,"/home/nikita/WebstormProjects/SalesChampAddress/config/database.ts": {"path":"/home/nikita/WebstormProjects/SalesChampAddress/config/database.ts","statementMap":{"0":{"start":{"line":1,"column":0},"end":{"line":1,"column":26}},"1":{"start":{"line":2,"column":0},"end":{"line":5,"column":2}}},"fnMap":{},"branchMap":{},"s":{"0":1,"1":1},"f":{},"b":{},"_coverageSchema":"1a1c01bbd47fc00a2c39e90264f33305004495a9","hash":"274d7e9c2ce073479c3a9aaaf92e4956551101c9"}
,"/home/nikita/WebstormProjects/SalesChampAddress/controllers/AddressController.ts": {"path":"/home/nikita/WebstormProjects/SalesChampAddress/controllers/AddressController.ts","statementMap":{"0":{"start":{"line":7,"column":26},"end":{"line":7,"column":61}},"1":{"start":{"line":8,"column":8},"end":{"line":10,"column":10}},"2":{"start":{"line":15,"column":23},"end":{"line":15,"column":42}},"3":{"start":{"line":16,"column":8},"end":{"line":18,"column":9}},"4":{"start":{"line":17,"column":12},"end":{"line":17,"column":67}},"5":{"start":{"line":19,"column":22},"end":{"line":19,"column":35}},"6":{"start":{"line":20,"column":8},"end":{"line":20,"column":40}},"7":{"start":{"line":21,"column":8},"end":{"line":21,"column":39}},"8":{"start":{"line":22,"column":8},"end":{"line":24,"column":15}},"9":{"start":{"line":28,"column":24},"end":{"line":28,"column":61}},"10":{"start":{"line":29,"column":8},"end":{"line":33,"column":9}},"11":{"start":{"line":30,"column":12},"end":{"line":32,"column":14}},"12":{"start":{"line":34,"column":8},"end":{"line":36,"column":10}},"13":{"start":{"line":40,"column":23},"end":{"line":40,"column":42}},"14":{"start":{"line":41,"column":8},"end":{"line":43,"column":9}},"15":{"start":{"line":42,"column":12},"end":{"line":42,"column":67}},"16":{"start":{"line":44,"column":22},"end":{"line":44,"column":59}},"17":{"start":{"line":45,"column":8},"end":{"line":49,"column":9}},"18":{"start":{"line":46,"column":12},"end":{"line":48,"column":15}},"19":{"start":{"line":51,"column":8},"end":{"line":51,"column":67}},"20":{"start":{"line":52,"column":8},"end":{"line":52,"column":39}},"21":{"start":{"line":54,"column":8},"end":{"line":56,"column":10}},"22":{"start":{"line":61,"column":22},"end":{"line":61,"column":59}},"23":{"start":{"line":62,"column":8},"end":{"line":64,"column":9}},"24":{"start":{"line":63,"column":12},"end":{"line":63,"column":68}},"25":{"start":{"line":66,"column":8},"end":{"line":66,"column":31}},"26":{"start":{"line":67,"column":8},"end":{"line":67,"column":24}}},"fnMap":{"0":{"name":"(anonymous_0)","decl":{"start":{"line":6,"column":4},"end":{"line":6,"column":5}},"loc":{"start":{"line":6,"column":32},"end":{"line":12,"column":5}},"line":6},"1":{"name":"(anonymous_1)","decl":{"start":{"line":14,"column":4},"end":{"line":14,"column":5}},"loc":{"start":{"line":14,"column":34},"end":{"line":25,"column":5}},"line":14},"2":{"name":"(anonymous_2)","decl":{"start":{"line":27,"column":4},"end":{"line":27,"column":5}},"loc":{"start":{"line":27,"column":32},"end":{"line":37,"column":5}},"line":27},"3":{"name":"(anonymous_3)","decl":{"start":{"line":39,"column":4},"end":{"line":39,"column":5}},"loc":{"start":{"line":39,"column":34},"end":{"line":58,"column":5}},"line":39},"4":{"name":"(anonymous_4)","decl":{"start":{"line":60,"column":4},"end":{"line":60,"column":5}},"loc":{"start":{"line":60,"column":35},"end":{"line":68,"column":5}},"line":60}},"branchMap":{"0":{"loc":{"start":{"line":16,"column":8},"end":{"line":18,"column":9}},"type":"if","locations":[{"start":{"line":16,"column":8},"end":{"line":18,"column":9}},{"start":{},"end":{}}],"line":16},"1":{"loc":{"start":{"line":29,"column":8},"end":{"line":33,"column":9}},"type":"if","locations":[{"start":{"line":29,"column":8},"end":{"line":33,"column":9}},{"start":{},"end":{}}],"line":29},"2":{"loc":{"start":{"line":41,"column":8},"end":{"line":43,"column":9}},"type":"if","locations":[{"start":{"line":41,"column":8},"end":{"line":43,"column":9}},{"start":{},"end":{}}],"line":41},"3":{"loc":{"start":{"line":45,"column":8},"end":{"line":49,"column":9}},"type":"if","locations":[{"start":{"line":45,"column":8},"end":{"line":49,"column":9}},{"start":{},"end":{}}],"line":45},"4":{"loc":{"start":{"line":62,"column":8},"end":{"line":64,"column":9}},"type":"if","locations":[{"start":{"line":62,"column":8},"end":{"line":64,"column":9}},{"start":{},"end":{}}],"line":62}},"s":{"0":0,"1":0,"2":0,"3":0,"4":0,"5":0,"6":0,"7":0,"8":0,"9":0,"10":0,"11":0,"12":0,"13":0,"14":0,"15":0,"16":0,"17":0,"18":0,"19":0,"20":0,"21":0,"22":0,"23":0,"24":0,"25":0,"26":0},"f":{"0":0,"1":0,"2":0,"3":0,"4":0},"b":{"0":[0,0],"1":[0,0],"2":[0,0],"3":[0,0],"4":[0,0]},"_coverageSchema":"1a1c01bbd47fc00a2c39e90264f33305004495a9","hash":"265bc4154fa598e05e1a1c4125a8dacf7bf90423"}
,"/home/nikita/WebstormProjects/SalesChampAddress/controllers/Controller.ts": {"path":"/home/nikita/WebstormProjects/SalesChampAddress/controllers/Controller.ts","statementMap":{"0":{"start":{"line":1,"column":27},"end":{"line":1,"column":55}},"1":{"start":{"line":3,"column":27},"end":{"line":7,"column":2}},"2":{"start":{"line":5,"column":8},"end":{"line":5,"column":25}},"3":{"start":{"line":11,"column":8},"end":{"line":11,"column":42}}},"fnMap":{"0":{"name":"(anonymous_0)","decl":{"start":{"line":4,"column":15},"end":{"line":4,"column":16}},"loc":{"start":{"line":4,"column":24},"end":{"line":6,"column":5}},"line":4},"1":{"name":"(anonymous_1)","decl":{"start":{"line":10,"column":4},"end":{"line":10,"column":5}},"loc":{"start":{"line":10,"column":29},"end":{"line":12,"column":5}},"line":10}},"branchMap":{},"s":{"0":1,"1":1,"2":0,"3":0},"f":{"0":0,"1":0},"b":{},"_coverageSchema":"1a1c01bbd47fc00a2c39e90264f33305004495a9","hash":"77189cecb39d7eae4eb2e8fc7b64e7053f790824"}
,"/home/nikita/WebstormProjects/SalesChampAddress/database/index.ts": {"path":"/home/nikita/WebstormProjects/SalesChampAddress/database/index.ts","statementMap":{"0":{"start":{"line":1,"column":13},"end":{"line":1,"column":42}},"1":{"start":{"line":2,"column":16},"end":{"line":2,"column":46}},"2":{"start":{"line":6,"column":8},"end":{"line":9,"column":11}},"3":{"start":{"line":7,"column":12},"end":{"line":7,"column":44}},"4":{"start":{"line":7,"column":21},"end":{"line":7,"column":44}},"5":{"start":{"line":8,"column":12},"end":{"line":8,"column":46}},"6":{"start":{"line":13,"column":8},"end":{"line":15,"column":11}},"7":{"start":{"line":14,"column":12},"end":{"line":14,"column":52}}},"fnMap":{"0":{"name":"(anonymous_0)","decl":{"start":{"line":5,"column":4},"end":{"line":5,"column":5}},"loc":{"start":{"line":5,"column":27},"end":{"line":10,"column":5}},"line":5},"1":{"name":"(anonymous_1)","decl":{"start":{"line":6,"column":52},"end":{"line":6,"column":53}},"loc":{"start":{"line":6,"column":71},"end":{"line":9,"column":9}},"line":6},"2":{"name":"(anonymous_2)","decl":{"start":{"line":12,"column":4},"end":{"line":12,"column":5}},"loc":{"start":{"line":12,"column":43},"end":{"line":16,"column":5}},"line":12},"3":{"name":"(anonymous_3)","decl":{"start":{"line":13,"column":41},"end":{"line":13,"column":42}},"loc":{"start":{"line":13,"column":55},"end":{"line":15,"column":9}},"line":13}},"branchMap":{"0":{"loc":{"start":{"line":7,"column":12},"end":{"line":7,"column":44}},"type":"if","locations":[{"start":{"line":7,"column":12},"end":{"line":7,"column":44}},{"start":{},"end":{}}],"line":7}},"s":{"0":1,"1":1,"2":0,"3":0,"4":0,"5":0,"6":0,"7":0},"f":{"0":0,"1":0,"2":0,"3":0},"b":{"0":[0,0]},"_coverageSchema":"1a1c01bbd47fc00a2c39e90264f33305004495a9","hash":"01c81c375d202b30b6f2f34016c9e7e321007692"}
,"/home/nikita/WebstormProjects/SalesChampAddress/middlewares/BaseMiddleware.ts": {"path":"/home/nikita/WebstormProjects/SalesChampAddress/middlewares/BaseMiddleware.ts","statementMap":{"0":{"start":{"line":3,"column":24},"end":{"line":3,"column":51}},"1":{"start":{"line":4,"column":8},"end":{"line":6,"column":9}},"2":{"start":{"line":5,"column":12},"end":{"line":5,"column":33}},"3":{"start":{"line":7,"column":8},"end":{"line":7,"column":15}}},"fnMap":{"0":{"name":"(anonymous_0)","decl":{"start":{"line":2,"column":4},"end":{"line":2,"column":5}},"loc":{"start":{"line":2,"column":44},"end":{"line":8,"column":5}},"line":2}},"branchMap":{"0":{"loc":{"start":{"line":4,"column":8},"end":{"line":6,"column":9}},"type":"if","locations":[{"start":{"line":4,"column":8},"end":{"line":6,"column":9}},{"start":{},"end":{}}],"line":4},"1":{"loc":{"start":{"line":4,"column":12},"end":{"line":4,"column":65}},"type":"binary-expr","locations":[{"start":{"line":4,"column":12},"end":{"line":4,"column":20}},{"start":{"line":4,"column":24},"end":{"line":4,"column":65}}],"line":4}},"s":{"0":1,"1":1,"2":1,"3":0},"f":{"0":1},"b":{"0":[1,0],"1":[1,0]},"_coverageSchema":"1a1c01bbd47fc00a2c39e90264f33305004495a9","hash":"fd8fcb2c7bcbb180ab59ae8e4b1914efe0367f17"}
,"/home/nikita/WebstormProjects/SalesChampAddress/models/Address.ts": {"path":"/home/nikita/WebstormProjects/SalesChampAddress/models/Address.ts","statementMap":{"0":{"start":{"line":5,"column":36},"end":{"line":5,"column":141}},"1":{"start":{"line":7,"column":39},"end":{"line":7,"column":86}},"2":{"start":{"line":9,"column":33},"end":{"line":9,"column":60}},"3":{"start":{"line":24,"column":8},"end":{"line":24,"column":16}},"4":{"start":{"line":29,"column":8},"end":{"line":34,"column":19}},"5":{"start":{"line":30,"column":27},"end":{"line":30,"column":55}},"6":{"start":{"line":32,"column":16},"end":{"line":32,"column":37}},"7":{"start":{"line":33,"column":16},"end":{"line":33,"column":27}}},"fnMap":{"0":{"name":"(anonymous_0)","decl":{"start":{"line":23,"column":4},"end":{"line":23,"column":5}},"loc":{"start":{"line":23,"column":18},"end":{"line":25,"column":5}},"line":23},"1":{"name":"(anonymous_1)","decl":{"start":{"line":28,"column":4},"end":{"line":28,"column":5}},"loc":{"start":{"line":28,"column":34},"end":{"line":35,"column":5}},"line":28},"2":{"name":"(anonymous_2)","decl":{"start":{"line":30,"column":20},"end":{"line":30,"column":21}},"loc":{"start":{"line":30,"column":27},"end":{"line":30,"column":55}},"line":30},"3":{"name":"(anonymous_3)","decl":{"start":{"line":31,"column":20},"end":{"line":31,"column":21}},"loc":{"start":{"line":31,"column":34},"end":{"line":34,"column":13}},"line":31}},"branchMap":{},"s":{"0":0,"1":1,"2":1,"3":0,"4":0,"5":0,"6":0,"7":0},"f":{"0":0,"1":0,"2":0,"3":0},"b":{},"_coverageSchema":"1a1c01bbd47fc00a2c39e90264f33305004495a9","hash":"bfbf62410e31a4ba4c3b1bcbd98dc427b28ac9eb"}
,"/home/nikita/WebstormProjects/SalesChampAddress/models/BaseModel.ts": {"path":"/home/nikita/WebstormProjects/SalesChampAddress/models/BaseModel.ts","statementMap":{"0":{"start":{"line":3,"column":16},"end":{"line":3,"column":34}},"1":{"start":{"line":4,"column":15},"end":{"line":4,"column":32}},"2":{"start":{"line":10,"column":39},"end":{"line":10,"column":43}},"3":{"start":{"line":11,"column":41},"end":{"line":11,"column":62}},"4":{"start":{"line":13,"column":36},"end":{"line":13,"column":43}},"5":{"start":{"line":20,"column":21},"end":{"line":20,"column":24}},"6":{"start":{"line":21,"column":24},"end":{"line":21,"column":41}},"7":{"start":{"line":22,"column":8},"end":{"line":24,"column":9}},"8":{"start":{"line":23,"column":12},"end":{"line":23,"column":26}},"9":{"start":{"line":25,"column":8},"end":{"line":25,"column":38}},"10":{"start":{"line":29,"column":8},"end":{"line":29,"column":68}},"11":{"start":{"line":33,"column":8},"end":{"line":33,"column":50}},"12":{"start":{"line":37,"column":8},"end":{"line":37,"column":34}},"13":{"start":{"line":41,"column":8},"end":{"line":41,"column":37}},"14":{"start":{"line":46,"column":8},"end":{"line":46,"column":64}},"15":{"start":{"line":50,"column":27},"end":{"line":50,"column":81}},"16":{"start":{"line":51,"column":19},"end":{"line":51,"column":74}},"17":{"start":{"line":52,"column":8},"end":{"line":58,"column":10}},"18":{"start":{"line":53,"column":24},"end":{"line":53,"column":44}},"19":{"start":{"line":54,"column":12},"end":{"line":56,"column":13}},"20":{"start":{"line":55,"column":16},"end":{"line":55,"column":38}},"21":{"start":{"line":57,"column":12},"end":{"line":57,"column":25}},"22":{"start":{"line":63,"column":27},"end":{"line":63,"column":54}},"23":{"start":{"line":64,"column":8},"end":{"line":80,"column":9}},"24":{"start":{"line":65,"column":12},"end":{"line":67,"column":13}},"25":{"start":{"line":66,"column":16},"end":{"line":66,"column":80}},"26":{"start":{"line":68,"column":12},"end":{"line":72,"column":15}},"27":{"start":{"line":74,"column":12},"end":{"line":77,"column":13}},"28":{"start":{"line":75,"column":16},"end":{"line":75,"column":80}},"29":{"start":{"line":76,"column":16},"end":{"line":76,"column":80}},"30":{"start":{"line":78,"column":27},"end":{"line":78,"column":68}},"31":{"start":{"line":79,"column":12},"end":{"line":79,"column":44}},"32":{"start":{"line":81,"column":8},"end":{"line":81,"column":20}},"33":{"start":{"line":86,"column":8},"end":{"line":90,"column":9}},"34":{"start":{"line":87,"column":12},"end":{"line":87,"column":44}},"35":{"start":{"line":89,"column":12},"end":{"line":89,"column":24}},"36":{"start":{"line":91,"column":27},"end":{"line":91,"column":81}},"37":{"start":{"line":92,"column":18},"end":{"line":94,"column":10}},"38":{"start":{"line":95,"column":8},"end":{"line":97,"column":9}},"39":{"start":{"line":96,"column":12},"end":{"line":96,"column":24}},"40":{"start":{"line":98,"column":8},"end":{"line":98,"column":35}},"41":{"start":{"line":102,"column":27},"end":{"line":102,"column":81}},"42":{"start":{"line":103,"column":18},"end":{"line":103,"column":53}},"43":{"start":{"line":104,"column":8},"end":{"line":107,"column":9}},"44":{"start":{"line":105,"column":12},"end":{"line":105,"column":34}},"45":{"start":{"line":106,"column":12},"end":{"line":106,"column":24}},"46":{"start":{"line":108,"column":8},"end":{"line":108,"column":35}},"47":{"start":{"line":112,"column":27},"end":{"line":112,"column":81}},"48":{"start":{"line":113,"column":20},"end":{"line":115,"column":10}},"49":{"start":{"line":116,"column":8},"end":{"line":116,"column":36}},"50":{"start":{"line":120,"column":8},"end":{"line":120,"column":42}},"51":{"start":{"line":124,"column":19},"end":{"line":124,"column":21}},"52":{"start":{"line":125,"column":20},"end":{"line":125,"column":35}},"53":{"start":{"line":126,"column":8},"end":{"line":128,"column":9}},"54":{"start":{"line":127,"column":12},"end":{"line":127,"column":60}},"55":{"start":{"line":130,"column":8},"end":{"line":132,"column":9}},"56":{"start":{"line":131,"column":12},"end":{"line":131,"column":70}},"57":{"start":{"line":133,"column":8},"end":{"line":133,"column":20}}},"fnMap":{"0":{"name":"(anonymous_0)","decl":{"start":{"line":15,"column":4},"end":{"line":15,"column":5}},"loc":{"start":{"line":15,"column":18},"end":{"line":17,"column":5}},"line":15},"1":{"name":"(anonymous_1)","decl":{"start":{"line":19,"column":4},"end":{"line":19,"column":5}},"loc":{"start":{"line":19,"column":52},"end":{"line":26,"column":5}},"line":19},"2":{"name":"(anonymous_2)","decl":{"start":{"line":28,"column":4},"end":{"line":28,"column":5}},"loc":{"start":{"line":28,"column":32},"end":{"line":30,"column":5}},"line":28},"3":{"name":"(anonymous_3)","decl":{"start":{"line":32,"column":4},"end":{"line":32,"column":5}},"loc":{"start":{"line":32,"column":39},"end":{"line":34,"column":5}},"line":32},"4":{"name":"(anonymous_4)","decl":{"start":{"line":36,"column":4},"end":{"line":36,"column":5}},"loc":{"start":{"line":36,"column":33},"end":{"line":38,"column":5}},"line":36},"5":{"name":"(anonymous_5)","decl":{"start":{"line":40,"column":4},"end":{"line":40,"column":5}},"loc":{"start":{"line":40,"column":34},"end":{"line":42,"column":5}},"line":40},"6":{"name":"(anonymous_6)","decl":{"start":{"line":45,"column":4},"end":{"line":45,"column":5}},"loc":{"start":{"line":45,"column":31},"end":{"line":47,"column":5}},"line":45},"7":{"name":"(anonymous_7)","decl":{"start":{"line":49,"column":4},"end":{"line":49,"column":5}},"loc":{"start":{"line":49,"column":86},"end":{"line":60,"column":5}},"line":49},"8":{"name":"(anonymous_8)","decl":{"start":{"line":52,"column":24},"end":{"line":52,"column":25}},"loc":{"start":{"line":52,"column":31},"end":{"line":58,"column":9}},"line":52},"9":{"name":"(anonymous_9)","decl":{"start":{"line":62,"column":4},"end":{"line":62,"column":5}},"loc":{"start":{"line":62,"column":17},"end":{"line":82,"column":5}},"line":62},"10":{"name":"(anonymous_10)","decl":{"start":{"line":84,"column":4},"end":{"line":84,"column":5}},"loc":{"start":{"line":84,"column":38},"end":{"line":99,"column":5}},"line":84},"11":{"name":"(anonymous_11)","decl":{"start":{"line":101,"column":4},"end":{"line":101,"column":5}},"loc":{"start":{"line":101,"column":41},"end":{"line":109,"column":5}},"line":101},"12":{"name":"(anonymous_12)","decl":{"start":{"line":111,"column":4},"end":{"line":111,"column":5}},"loc":{"start":{"line":111,"column":20},"end":{"line":117,"column":5}},"line":111},"13":{"name":"(anonymous_13)","decl":{"start":{"line":119,"column":4},"end":{"line":119,"column":5}},"loc":{"start":{"line":119,"column":16},"end":{"line":121,"column":5}},"line":119},"14":{"name":"(anonymous_14)","decl":{"start":{"line":123,"column":4},"end":{"line":123,"column":5}},"loc":{"start":{"line":123,"column":13},"end":{"line":134,"column":5}},"line":123}},"branchMap":{"0":{"loc":{"start":{"line":22,"column":8},"end":{"line":24,"column":9}},"type":"if","locations":[{"start":{"line":22,"column":8},"end":{"line":24,"column":9}},{"start":{},"end":{}}],"line":22},"1":{"loc":{"start":{"line":49,"column":25},"end":{"line":49,"column":39}},"type":"default-arg","locations":[{"start":{"line":49,"column":37},"end":{"line":49,"column":39}}],"line":49},"2":{"loc":{"start":{"line":49,"column":41},"end":{"line":49,"column":59}},"type":"default-arg","locations":[{"start":{"line":49,"column":57},"end":{"line":49,"column":59}}],"line":49},"3":{"loc":{"start":{"line":49,"column":61},"end":{"line":49,"column":84}},"type":"default-arg","locations":[{"start":{"line":49,"column":79},"end":{"line":49,"column":84}}],"line":49},"4":{"loc":{"start":{"line":54,"column":12},"end":{"line":56,"column":13}},"type":"if","locations":[{"start":{"line":54,"column":12},"end":{"line":56,"column":13}},{"start":{},"end":{}}],"line":54},"5":{"loc":{"start":{"line":64,"column":8},"end":{"line":80,"column":9}},"type":"if","locations":[{"start":{"line":64,"column":8},"end":{"line":80,"column":9}},{"start":{"line":73,"column":15},"end":{"line":80,"column":9}}],"line":64},"6":{"loc":{"start":{"line":65,"column":12},"end":{"line":67,"column":13}},"type":"if","locations":[{"start":{"line":65,"column":12},"end":{"line":67,"column":13}},{"start":{},"end":{}}],"line":65},"7":{"loc":{"start":{"line":74,"column":12},"end":{"line":77,"column":13}},"type":"if","locations":[{"start":{"line":74,"column":12},"end":{"line":77,"column":13}},{"start":{},"end":{}}],"line":74},"8":{"loc":{"start":{"line":95,"column":8},"end":{"line":97,"column":9}},"type":"if","locations":[{"start":{"line":95,"column":8},"end":{"line":97,"column":9}},{"start":{},"end":{}}],"line":95},"9":{"loc":{"start":{"line":101,"column":25},"end":{"line":101,"column":39}},"type":"default-arg","locations":[{"start":{"line":101,"column":37},"end":{"line":101,"column":39}}],"line":101},"10":{"loc":{"start":{"line":104,"column":8},"end":{"line":107,"column":9}},"type":"if","locations":[{"start":{"line":104,"column":8},"end":{"line":107,"column":9}},{"start":{},"end":{}}],"line":104},"11":{"loc":{"start":{"line":126,"column":8},"end":{"line":128,"column":9}},"type":"if","locations":[{"start":{"line":126,"column":8},"end":{"line":128,"column":9}},{"start":{},"end":{}}],"line":126},"12":{"loc":{"start":{"line":131,"column":22},"end":{"line":131,"column":69}},"type":"cond-expr","locations":[{"start":{"line":131,"column":55},"end":{"line":131,"column":62}},{"start":{"line":131,"column":65},"end":{"line":131,"column":69}}],"line":131}},"s":{"0":1,"1":1,"2":0,"3":0,"4":0,"5":0,"6":0,"7":0,"8":0,"9":0,"10":0,"11":0,"12":0,"13":0,"14":0,"15":0,"16":0,"17":0,"18":0,"19":0,"20":0,"21":0,"22":0,"23":0,"24":0,"25":0,"26":0,"27":0,"28":0,"29":0,"30":0,"31":0,"32":0,"33":0,"34":0,"35":0,"36":0,"37":0,"38":0,"39":0,"40":0,"41":0,"42":0,"43":0,"44":0,"45":0,"46":0,"47":0,"48":0,"49":0,"50":0,"51":0,"52":0,"53":0,"54":0,"55":0,"56":0,"57":0},"f":{"0":0,"1":0,"2":0,"3":0,"4":0,"5":0,"6":0,"7":0,"8":0,"9":0,"10":0,"11":0,"12":0,"13":0,"14":0},"b":{"0":[0,0],"1":[0],"2":[0],"3":[0],"4":[0,0],"5":[0,0],"6":[0,0],"7":[0,0],"8":[0,0],"9":[0],"10":[0,0],"11":[0,0],"12":[0,0]},"_coverageSchema":"1a1c01bbd47fc00a2c39e90264f33305004495a9","hash":"6e01067222ca59f2d22cd0e1ddc74c5c9f9fef60"}
,"/home/nikita/WebstormProjects/SalesChampAddress/routes/addresses.ts": {"path":"/home/nikita/WebstormProjects/SalesChampAddress/routes/addresses.ts","statementMap":{"0":{"start":{"line":1,"column":14},"end":{"line":1,"column":32}},"1":{"start":{"line":2,"column":13},"end":{"line":2,"column":29}},"2":{"start":{"line":7,"column":16},"end":{"line":7,"column":57}},"3":{"start":{"line":10,"column":0},"end":{"line":10,"column":66}},"4":{"start":{"line":11,"column":0},"end":{"line":11,"column":86}},"5":{"start":{"line":12,"column":0},"end":{"line":12,"column":69}},"6":{"start":{"line":13,"column":0},"end":{"line":13,"column":90}},"7":{"start":{"line":14,"column":0},"end":{"line":14,"column":75}},"8":{"start":{"line":16,"column":0},"end":{"line":16,"column":24}}},"fnMap":{},"branchMap":{},"s":{"0":1,"1":1,"2":1,"3":1,"4":1,"5":1,"6":1,"7":1,"8":1},"f":{},"b":{},"_coverageSchema":"1a1c01bbd47fc00a2c39e90264f33305004495a9","hash":"7e94425373106a6d903dfb00c01278f5bec6b4ac"}
,"/home/nikita/WebstormProjects/SalesChampAddress/routes/index.js": {"path":"/home/nikita/WebstormProjects/SalesChampAddress/routes/index.js","statementMap":{"0":{"start":{"line":1,"column":14},"end":{"line":1,"column":32}},"1":{"start":{"line":2,"column":13},"end":{"line":2,"column":29}},"2":{"start":{"line":5,"column":0},"end":{"line":7,"column":3}},"3":{"start":{"line":6,"column":2},"end":{"line":6,"column":44}},"4":{"start":{"line":9,"column":0},"end":{"line":9,"column":24}}},"fnMap":{"0":{"name":"(anonymous_0)","decl":{"start":{"line":5,"column":16},"end":{"line":5,"column":17}},"loc":{"start":{"line":5,"column":41},"end":{"line":7,"column":1}},"line":5}},"branchMap":{},"s":{"0":1,"1":1,"2":1,"3":0,"4":1},"f":{"0":0},"b":{},"_coverageSchema":"1a1c01bbd47fc00a2c39e90264f33305004495a9","hash":"b0154e9ea0f573c935ffc66422af9206cd2b8f22"}
,"/home/nikita/WebstormProjects/SalesChampAddress/routes/users.js": {"path":"/home/nikita/WebstormProjects/SalesChampAddress/routes/users.js","statementMap":{"0":{"start":{"line":1,"column":14},"end":{"line":1,"column":32}},"1":{"start":{"line":2,"column":13},"end":{"line":2,"column":29}},"2":{"start":{"line":5,"column":0},"end":{"line":7,"column":3}},"3":{"start":{"line":6,"column":2},"end":{"line":6,"column":38}},"4":{"start":{"line":9,"column":0},"end":{"line":9,"column":24}}},"fnMap":{"0":{"name":"(anonymous_0)","decl":{"start":{"line":5,"column":16},"end":{"line":5,"column":17}},"loc":{"start":{"line":5,"column":41},"end":{"line":7,"column":1}},"line":5}},"branchMap":{},"s":{"0":1,"1":1,"2":1,"3":0,"4":1},"f":{"0":0},"b":{},"_coverageSchema":"1a1c01bbd47fc00a2c39e90264f33305004495a9","hash":"4646ae6f5c024a74718cf7da745a441aab70e577"}
,"/home/nikita/WebstormProjects/SalesChampAddress/validators/AddressValidator.ts": {"path":"/home/nikita/WebstormProjects/SalesChampAddress/validators/AddressValidator.ts","statementMap":{"0":{"start":{"line":1,"column":15},"end":{"line":1,"column":43}},"1":{"start":{"line":4,"column":0},"end":{"line":10,"column":2}},"2":{"start":{"line":8,"column":49},"end":{"line":8,"column":58}},"3":{"start":{"line":12,"column":0},"end":{"line":18,"column":2}},"4":{"start":{"line":14,"column":8},"end":{"line":14,"column":54}}},"fnMap":{"0":{"name":"(anonymous_0)","decl":{"start":{"line":8,"column":40},"end":{"line":8,"column":41}},"loc":{"start":{"line":8,"column":49},"end":{"line":8,"column":58}},"line":8},"1":{"name":"(anonymous_1)","decl":{"start":{"line":13,"column":50},"end":{"line":13,"column":51}},"loc":{"start":{"line":13,"column":59},"end":{"line":15,"column":5}},"line":13}},"branchMap":{},"s":{"0":1,"1":1,"2":0,"3":1,"4":0},"f":{"0":0,"1":0},"b":{},"_coverageSchema":"1a1c01bbd47fc00a2c39e90264f33305004495a9","hash":"85d782ae98798f4d789342a09a04e26fed151f26"}
}
